Mplus VERSION 8.2
MUTHEN & MUTHEN
01/14/2019   4:31 PM

INPUT INSTRUCTIONS

  TITLE: latent class analysis of mode switch;
  DATA: FILE = "ip_data.dat";
  VARIABLE:
  NAMES = pidp indmode_5 ivfio_5 mm_5 sum_var_5 f2f_5 f2f_nomiss_5 non_resp_5
       indmode_6 ivfio_6 mm_6 sum_var_6 f2f_6 f2f_nomiss_6 non_resp_6 indmode_7
       ivfio_7 mm_7 sum_var_7 f2f_7 f2f_nomiss_7 non_resp_7 indmode_8 ivfio_8 mm_8
       sum_var_8 f2f_8 f2f_nomiss_8 non_resp_8 indmode_9 ivfio_9 mm_9 sum_var_9 f2f_9
       f2f_nomiss_9 non_resp_9 indmode_10 ivfio_10 mm_10 sum_var_10 f2f_10
       f2f_nomiss_10 non_resp_10 inwork_4 edu_4 agecat_4 female_4 white_4 partner_4
       sf1_4 longill_4 london_4 north_4 urban_4 refresh_4 Higher_4 Alevel_4 GCSE_4
       Other_4 age_35_4 age_55_4 age_75_4 age_102_4 inwork_9 edu_9 agecat_9 female_9
       white_9 partner_9 sf1_9 longill_9 london_9 north_9 urban_9 refresh_9 Higher_9
       Alevel_9 GCSE_9 Other_9 age_35_9 age_55_9 age_75_9 age_102_9 f2f f2f_nomiss
       non_resp id;
  USEVARIABLES ARE
      f2f_nomiss_5 f2f_nomiss_6 f2f_nomiss_7 f2f_nomiss_8 f2f_nomiss_9
      non_resp_5 non_resp_6 non_resp_7 non_resp_8 non_resp_9;
  CATEGORICAL ARE
      f2f_nomiss_5 f2f_nomiss_6 f2f_nomiss_7 f2f_nomiss_8 f2f_nomiss_9
      non_resp_5 non_resp_6 non_resp_7 non_resp_8 non_resp_9;
  AUXILIARY ARE id;

  MISSING=.;

  CLASSES = c (5);

  ANALYSIS: TYPE = MIXTURE;
  savedata:
     file is mode_switch_lca_5.dat;
     save is cprob;



*** WARNING in VARIABLE command
  Note that only the first 8 characters of variable names are used in the output.
  Shorten variable names to avoid any confusion.
*** WARNING
  Data set contains cases with missing on all variables.
  These cases were not included in the analysis.
  Number of cases with missing on all variables:  2938
   2 WARNING(S) FOUND IN THE INPUT INSTRUCTIONS



latent class analysis of mode switch;

SUMMARY OF ANALYSIS

Number of groups                                                 1
Number of observations                                         796

Number of dependent variables                                   10
Number of independent variables                                  0
Number of continuous latent variables                            0
Number of categorical latent variables                           1

Observed dependent variables

  Binary and ordered categorical (ordinal)
   F2F_NOMI    F2F_NOMI    F2F_NOMI    F2F_NOMI    F2F_NOMI    NON_RESP
   NON_RESP    NON_RESP    NON_RESP    NON_RESP

Observed auxiliary variables
   ID

Categorical latent variables
   C


Estimator                                                      MLR
Information matrix                                        OBSERVED
Optimization Specifications for the Quasi-Newton Algorithm for
Continuous Outcomes
  Maximum number of iterations                                 100
  Convergence criterion                                  0.100D-05
Optimization Specifications for the EM Algorithm
  Maximum number of iterations                                 500
  Convergence criteria
    Loglikelihood change                                 0.100D-06
    Relative loglikelihood change                        0.100D-06
    Derivative                                           0.100D-05
Optimization Specifications for the M step of the EM Algorithm for
Categorical Latent variables
  Number of M step iterations                                    1
  M step convergence criterion                           0.100D-05
  Basis for M step termination                           ITERATION
Optimization Specifications for the M step of the EM Algorithm for
Censored, Binary or Ordered Categorical (Ordinal), Unordered
Categorical (Nominal) and Count Outcomes
  Number of M step iterations                                    1
  M step convergence criterion                           0.100D-05
  Basis for M step termination                           ITERATION
  Maximum value for logit thresholds                            15
  Minimum value for logit thresholds                           -15
  Minimum expected cell size for chi-square              0.100D-01
Maximum number of iterations for H1                           2000
Convergence criterion for H1                             0.100D-03
Optimization algorithm                                         EMA
Random Starts Specifications
  Number of initial stage random starts                         20
  Number of final stage optimizations                            4
  Number of initial stage iterations                            10
  Initial stage convergence criterion                    0.100D+01
  Random starts scale                                    0.500D+01
  Random seed for generating random starts                       0
Link                                                         LOGIT

Input data file(s)
  ip_data.dat
Input data format  FREE


SUMMARY OF DATA

     Number of missing data patterns             1
     Number of y missing data patterns           0
     Number of u missing data patterns           1


COVARIANCE COVERAGE OF DATA

Minimum covariance coverage value   0.100


UNIVARIATE PROPORTIONS AND COUNTS FOR CATEGORICAL VARIABLES

    F2F_NOMI
      Category 1    0.557          443.000
      Category 2    0.443          353.000
    F2F_NOMI
      Category 1    0.691          550.000
      Category 2    0.309          246.000
    F2F_NOMI
      Category 1    0.795          633.000
      Category 2    0.205          163.000
    F2F_NOMI
      Category 1    0.784          624.000
      Category 2    0.216          172.000
    F2F_NOMI
      Category 1    0.847          674.000
      Category 2    0.153          122.000
    NON_RESP
      Category 1    0.879          700.000
      Category 2    0.121           96.000
    NON_RESP
      Category 1    0.912          726.000
      Category 2    0.088           70.000
    NON_RESP
      Category 1    0.896          713.000
      Category 2    0.104           83.000
    NON_RESP
      Category 1    0.915          728.000
      Category 2    0.085           68.000
    NON_RESP
      Category 1    0.917          730.000
      Category 2    0.083           66.000


RANDOM STARTS RESULTS RANKED FROM THE BEST TO THE WORST LOGLIKELIHOOD VALUES

Final stage loglikelihood values at local maxima, seeds, and initial stage start numbers:

           -2495.457  650371           14
           -2501.654  637345           19
           -2502.974  107446           12
           -2503.532  76974            16



     WARNING:  THE BEST LOGLIKELIHOOD VALUE WAS NOT REPLICATED.  THE
     SOLUTION MAY NOT BE TRUSTWORTHY DUE TO LOCAL MAXIMA.  INCREASE THE
     NUMBER OF RANDOM STARTS.

     IN THE OPTIMIZATION, ONE OR MORE LOGIT THRESHOLDS APPROACHED AND WERE SET
     AT THE EXTREME VALUES.  EXTREME VALUES ARE -15.000 AND 15.000.
     THE FOLLOWING THRESHOLDS WERE SET AT THESE VALUES:
     * THRESHOLD 1 OF CLASS INDICATOR F2F_NOMI FOR CLASS 1 AT ITERATION 91
     * THRESHOLD 1 OF CLASS INDICATOR F2F_NOMI FOR CLASS 1 AT ITERATION 91
     * THRESHOLD 1 OF CLASS INDICATOR F2F_NOMI FOR CLASS 1 AT ITERATION 91
     * THRESHOLD 1 OF CLASS INDICATOR NON_RESP FOR CLASS 1 AT ITERATION 91
     * THRESHOLD 1 OF CLASS INDICATOR F2F_NOMI FOR CLASS 2 AT ITERATION 91
     * THRESHOLD 1 OF CLASS INDICATOR F2F_NOMI FOR CLASS 2 AT ITERATION 91
     * THRESHOLD 1 OF CLASS INDICATOR NON_RESP FOR CLASS 2 AT ITERATION 91
     * THRESHOLD 1 OF CLASS INDICATOR F2F_NOMI FOR CLASS 3 AT ITERATION 91
     * THRESHOLD 1 OF CLASS INDICATOR NON_RESP FOR CLASS 4 AT ITERATION 91
     * THRESHOLD 1 OF CLASS INDICATOR NON_RESP FOR CLASS 4 AT ITERATION 91
     * THRESHOLD 1 OF CLASS INDICATOR NON_RESP FOR CLASS 5 AT ITERATION 91
     * THRESHOLD 1 OF CLASS INDICATOR NON_RESP FOR CLASS 5 AT ITERATION 91





THE MODEL ESTIMATION TERMINATED NORMALLY



MODEL FIT INFORMATION

Number of Free Parameters                       54

Loglikelihood

          H0 Value                       -2495.457
          H0 Scaling Correction Factor      1.0609
            for MLR

Information Criteria

          Akaike (AIC)                    5098.915
          Bayesian (BIC)                  5351.613
          Sample-Size Adjusted BIC        5180.134
            (n* = (n + 2) / 24)

Chi-Square Test of Model Fit for the Binary and Ordered Categorical
(Ordinal) Outcomes

          Pearson Chi-Square

          Value                           1137.275
          Degrees of Freedom                   969
          P-Value                           0.0001

          Likelihood Ratio Chi-Square

          Value                            417.726
          Degrees of Freedom                   969
          P-Value                           1.0000



FINAL CLASS COUNTS AND PROPORTIONS FOR THE LATENT CLASSES
BASED ON THE ESTIMATED MODEL

    Latent
   Classes

       1         36.58109          0.04596
       2         51.96489          0.06528
       3         95.05215          0.11941
       4        126.25947          0.15862
       5        486.14241          0.61073


FINAL CLASS COUNTS AND PROPORTIONS FOR THE LATENT CLASSES
BASED ON ESTIMATED POSTERIOR PROBABILITIES

    Latent
   Classes

       1         36.58109          0.04596
       2         51.96489          0.06528
       3         95.05215          0.11941
       4        126.25947          0.15862
       5        486.14241          0.61073


FINAL CLASS COUNTS AND PROPORTIONS FOR THE LATENT CLASSES
BASED ON THEIR MOST LIKELY LATENT CLASS MEMBERSHIP

Class Counts and Proportions

    Latent
   Classes

       1               37          0.04648
       2               43          0.05402
       3               99          0.12437
       4              123          0.15452
       5              494          0.62060


CLASSIFICATION QUALITY

     Entropy                         0.928


Average Latent Class Probabilities for Most Likely Latent Class Membership (Row)
by Latent Class (Column)

           1        2        3        4        5

    1   0.982    0.004    0.011    0.000    0.003
    2   0.001    0.964    0.000    0.011    0.024
    3   0.001    0.000    0.879    0.070    0.049
    4   0.000    0.003    0.036    0.955    0.006
    5   0.000    0.020    0.006    0.003    0.970


Classification Probabilities for the Most Likely Latent Class Membership (Column)
by Latent Class (Row)

           1        2        3        4        5

    1   0.994    0.001    0.003    0.000    0.002
    2   0.003    0.798    0.000    0.007    0.193
    3   0.004    0.000    0.916    0.047    0.033
    4   0.000    0.004    0.055    0.930    0.011
    5   0.000    0.002    0.010    0.002    0.986


Logits for the Classification Probabilities for the Most Likely Latent Class Membership (Column)
by Latent Class (Row)

              1        2        3        4        5

    1      6.383   -0.132    0.626   -7.426    0.000
    2     -4.341    1.421  -12.169   -3.309    0.000
    3     -2.010  -10.404    3.323    0.352    0.000
    4     -9.312   -1.083    1.606    4.431    0.000
    5     -8.492   -6.157   -4.586   -6.461    0.000


MODEL RESULTS

                                                    Two-Tailed
                    Estimate       S.E.  Est./S.E.    P-Value

Latent Class 1

 Thresholds
    F2F_NOMI$1        -1.450      0.439     -3.301      0.001
    F2F_NOMI$1        -1.651      0.486     -3.401      0.001
    F2F_NOMI$1        15.000      0.000    999.000    999.000
    F2F_NOMI$1        15.000      0.000    999.000    999.000
    F2F_NOMI$1        15.000      0.000    999.000    999.000
    NON_RESP$1        -0.721      0.412     -1.748      0.080
    NON_RESP$1        -1.001      0.395     -2.535      0.011
    NON_RESP$1        -3.748      1.391     -2.695      0.007
    NON_RESP$1        -5.703     15.296     -0.373      0.709
    NON_RESP$1       -15.000      0.000    999.000    999.000

Latent Class 2

 Thresholds
    F2F_NOMI$1       -15.000      0.000    999.000    999.000
    F2F_NOMI$1        15.000      0.000    999.000    999.000
    F2F_NOMI$1         2.030      0.518      3.921      0.000
    F2F_NOMI$1         2.323      0.576      4.035      0.000
    F2F_NOMI$1         2.998      0.777      3.861      0.000
    NON_RESP$1        -0.963      0.681     -1.414      0.157
    NON_RESP$1        15.000      0.000    999.000    999.000
    NON_RESP$1         1.920      0.504      3.813      0.000
    NON_RESP$1         1.972      0.452      4.362      0.000
    NON_RESP$1         1.901      0.516      3.686      0.000

Latent Class 3

 Thresholds
    F2F_NOMI$1        -2.007      0.415     -4.838      0.000
    F2F_NOMI$1       -15.000      0.000    999.000    999.000
    F2F_NOMI$1         0.703      0.275      2.559      0.011
    F2F_NOMI$1         0.898      0.413      2.174      0.030
    F2F_NOMI$1         2.110      0.841      2.510      0.012
    NON_RESP$1         0.966      0.265      3.641      0.000
    NON_RESP$1         0.349      0.273      1.276      0.202
    NON_RESP$1         1.671      0.571      2.927      0.003
    NON_RESP$1         1.365      0.296      4.611      0.000
    NON_RESP$1         1.745      0.315      5.532      0.000

Latent Class 4

 Thresholds
    F2F_NOMI$1        -1.845      0.286     -6.449      0.000
    F2F_NOMI$1        -1.104      0.244     -4.524      0.000
    F2F_NOMI$1        -1.263      0.374     -3.378      0.001
    F2F_NOMI$1        -3.414      0.725     -4.706      0.000
    F2F_NOMI$1        -1.600      0.317     -5.048      0.000
    NON_RESP$1         2.751      0.475      5.787      0.000
    NON_RESP$1         3.436      1.330      2.584      0.010
    NON_RESP$1         2.492      0.721      3.455      0.001
    NON_RESP$1        15.000      0.000    999.000    999.000
    NON_RESP$1        15.000      0.000    999.000    999.000

Latent Class 5

 Thresholds
    F2F_NOMI$1         1.646      0.170      9.656      0.000
    F2F_NOMI$1         2.897      0.258     11.236      0.000
    F2F_NOMI$1         2.831      0.214     13.222      0.000
    F2F_NOMI$1         3.281      0.260     12.641      0.000
    F2F_NOMI$1         4.743      0.570      8.319      0.000
    NON_RESP$1        15.000      0.000    999.000    999.000
    NON_RESP$1        15.000      0.000    999.000    999.000
    NON_RESP$1         3.385      0.270     12.535      0.000
    NON_RESP$1         4.408      0.460      9.572      0.000
    NON_RESP$1         4.025      0.363     11.077      0.000

Categorical Latent Variables

 Means
    C#1               -2.587      0.183    -14.122      0.000
    C#2               -2.236      0.236     -9.487      0.000
    C#3               -1.632      0.153    -10.638      0.000
    C#4               -1.348      0.126    -10.659      0.000


RESULTS IN PROBABILITY SCALE

Latent Class 1

 F2F_NOMI
    Category 1         0.190      0.068      2.810      0.005
    Category 2         0.810      0.068     11.983      0.000
 F2F_NOMI
    Category 1         0.161      0.066      2.455      0.014
    Category 2         0.839      0.066     12.799      0.000
 F2F_NOMI
    Category 1         1.000      0.000      0.000      1.000
    Category 2         0.000      0.000      0.000      1.000
 F2F_NOMI
    Category 1         1.000      0.000      0.000      1.000
    Category 2         0.000      0.000      0.000      1.000
 F2F_NOMI
    Category 1         1.000      0.000      0.000      1.000
    Category 2         0.000      0.000      0.000      1.000
 NON_RESP
    Category 1         0.327      0.091      3.604      0.000
    Category 2         0.673      0.091      7.412      0.000
 NON_RESP
    Category 1         0.269      0.078      3.464      0.001
    Category 2         0.731      0.078      9.423      0.000
 NON_RESP
    Category 1         0.023      0.031      0.736      0.462
    Category 2         0.977      0.031     31.224      0.000
 NON_RESP
    Category 1         0.003      0.051      0.066      0.948
    Category 2         0.997      0.051     19.667      0.000
 NON_RESP
    Category 1         0.000      0.000      0.000      1.000
    Category 2         1.000      0.000      0.000      1.000

Latent Class 2

 F2F_NOMI
    Category 1         0.000      0.000      0.000      1.000
    Category 2         1.000      0.000      0.000      1.000
 F2F_NOMI
    Category 1         1.000      0.000      0.000      1.000
    Category 2         0.000      0.000      0.000      1.000
 F2F_NOMI
    Category 1         0.884      0.053     16.640      0.000
    Category 2         0.116      0.053      2.185      0.029
 F2F_NOMI
    Category 1         0.911      0.047     19.461      0.000
    Category 2         0.089      0.047      1.907      0.057
 F2F_NOMI
    Category 1         0.952      0.035     27.103      0.000
    Category 2         0.048      0.035      1.352      0.176
 NON_RESP
    Category 1         0.276      0.136      2.030      0.042
    Category 2         0.724      0.136      5.314      0.000
 NON_RESP
    Category 1         1.000      0.000      0.000      1.000
    Category 2         0.000      0.000      0.000      1.000
 NON_RESP
    Category 1         0.872      0.056     15.531      0.000
    Category 2         0.128      0.056      2.277      0.023
 NON_RESP
    Category 1         0.878      0.048     18.102      0.000
    Category 2         0.122      0.048      2.520      0.012
 NON_RESP
    Category 1         0.870      0.058     14.917      0.000
    Category 2         0.130      0.058      2.229      0.026

Latent Class 3

 F2F_NOMI
    Category 1         0.119      0.043      2.735      0.006
    Category 2         0.881      0.043     20.344      0.000
 F2F_NOMI
    Category 1         0.000      0.000      0.000      1.000
    Category 2         1.000      0.000      0.000      1.000
 F2F_NOMI
    Category 1         0.669      0.061     10.989      0.000
    Category 2         0.331      0.061      5.439      0.000
 F2F_NOMI
    Category 1         0.711      0.085      8.363      0.000
    Category 2         0.289      0.085      3.406      0.001
 F2F_NOMI
    Category 1         0.892      0.081     11.002      0.000
    Category 2         0.108      0.081      1.334      0.182
 NON_RESP
    Category 1         0.724      0.053     13.674      0.000
    Category 2         0.276      0.053      5.204      0.000
 NON_RESP
    Category 1         0.586      0.066      8.840      0.000
    Category 2         0.414      0.066      6.235      0.000
 NON_RESP
    Category 1         0.842      0.076     11.069      0.000
    Category 2         0.158      0.076      2.081      0.037
 NON_RESP
    Category 1         0.797      0.048     16.605      0.000
    Category 2         0.203      0.048      4.241      0.000
 NON_RESP
    Category 1         0.851      0.040     21.322      0.000
    Category 2         0.149      0.040      3.724      0.000

Latent Class 4

 F2F_NOMI
    Category 1         0.137      0.034      4.049      0.000
    Category 2         0.863      0.034     25.609      0.000
 F2F_NOMI
    Category 1         0.249      0.046      5.458      0.000
    Category 2         0.751      0.046     16.459      0.000
 F2F_NOMI
    Category 1         0.220      0.064      3.431      0.001
    Category 2         0.780      0.064     12.131      0.000
 F2F_NOMI
    Category 1         0.032      0.022      1.424      0.154
    Category 2         0.968      0.022     43.262      0.000
 F2F_NOMI
    Category 1         0.168      0.044      3.791      0.000
    Category 2         0.832      0.044     18.782      0.000
 NON_RESP
    Category 1         0.940      0.027     35.035      0.000
    Category 2         0.060      0.027      2.238      0.025
 NON_RESP
    Category 1         0.969      0.040     24.121      0.000
    Category 2         0.031      0.040      0.776      0.438
 NON_RESP
    Category 1         0.924      0.051     18.142      0.000
    Category 2         0.076      0.051      1.501      0.133
 NON_RESP
    Category 1         1.000      0.000      0.000      1.000
    Category 2         0.000      0.000      0.000      1.000
 NON_RESP
    Category 1         1.000      0.000      0.000      1.000
    Category 2         0.000      0.000      0.000      1.000

Latent Class 5

 F2F_NOMI
    Category 1         0.838      0.023     36.291      0.000
    Category 2         0.162      0.023      6.998      0.000
 F2F_NOMI
    Category 1         0.948      0.013     74.135      0.000
    Category 2         0.052      0.013      4.093      0.000
 F2F_NOMI
    Category 1         0.944      0.011     83.870      0.000
    Category 2         0.056      0.011      4.947      0.000
 F2F_NOMI
    Category 1         0.964      0.009    106.324      0.000
    Category 2         0.036      0.009      3.998      0.000
 F2F_NOMI
    Category 1         0.991      0.005    203.104      0.000
    Category 2         0.009      0.005      1.769      0.077
 NON_RESP
    Category 1         1.000      0.000      0.000      1.000
    Category 2         0.000      0.000      0.000      1.000
 NON_RESP
    Category 1         1.000      0.000      0.000      1.000
    Category 2         0.000      0.000      0.000      1.000
 NON_RESP
    Category 1         0.967      0.009    113.021      0.000
    Category 2         0.033      0.009      3.828      0.000
 NON_RESP
    Category 1         0.988      0.005    180.415      0.000
    Category 2         0.012      0.005      2.198      0.028
 NON_RESP
    Category 1         0.982      0.006    156.815      0.000
    Category 2         0.018      0.006      2.801      0.005


LATENT CLASS ODDS RATIO RESULTS

                                         (Est. - 1) Two-Tailed
                    Estimate       S.E.     / S.E.    P-Value

Latent Class 1 Compared to Latent Class 2

 F2F_NOMI
    Category > 1       0.000      0.000    999.000    999.000
 F2F_NOMI
    Category > 1   *********      0.000    999.000    999.000
 F2F_NOMI
    Category > 1       0.000      0.000    999.000    999.000
 F2F_NOMI
    Category > 1       0.000      0.000    999.000    999.000
 F2F_NOMI
    Category > 1       0.000      0.000    999.000    999.000
 NON_RESP
    Category > 1       0.785      0.616     -0.348      0.727
 NON_RESP
    Category > 1   *********      0.000    999.000    999.000
 NON_RESP
    Category > 1     289.390    425.023      0.679      0.497
 NON_RESP
    Category > 1    2153.541  32938.535      0.065      0.948
 NON_RESP
    Category > 1   *********      0.000    999.000    999.000

Latent Class 1 Compared to Latent Class 3

 F2F_NOMI
    Category > 1       0.573      0.350     -1.220      0.222
 F2F_NOMI
    Category > 1       0.000      0.000    999.000    999.000
 F2F_NOMI
    Category > 1       0.000      0.000    999.000    999.000
 F2F_NOMI
    Category > 1       0.000      0.000    999.000    999.000
 F2F_NOMI
    Category > 1       0.000      0.000    999.000    999.000
 NON_RESP
    Category > 1       5.403      2.706      1.627      0.104
 NON_RESP
    Category > 1       3.856      1.859      1.537      0.124
 NON_RESP
    Category > 1     225.692    344.313      0.653      0.514
 NON_RESP
    Category > 1    1173.870  18014.381      0.065      0.948
 NON_RESP
    Category > 1   *********      0.000    999.000    999.000

Latent Class 1 Compared to Latent Class 4

 F2F_NOMI
    Category > 1       0.674      0.353     -0.923      0.356
 F2F_NOMI
    Category > 1       1.729      0.937      0.778      0.436
 F2F_NOMI
    Category > 1       0.000      0.000    999.000    999.000
 F2F_NOMI
    Category > 1       0.000      0.000    999.000    999.000
 F2F_NOMI
    Category > 1       0.000      0.000    999.000    999.000
 NON_RESP
    Category > 1      32.191     20.660      1.510      0.131
 NON_RESP
    Category > 1      84.541    117.546      0.711      0.477
 NON_RESP
    Category > 1     512.846    787.814      0.650      0.516
 NON_RESP
    Category > 1   *********      0.000    999.000    999.000
 NON_RESP
    Category > 1   *********      0.000    999.000    999.000

Latent Class 1 Compared to Latent Class 5

 F2F_NOMI
    Category > 1      22.116     10.438      2.023      0.043
 F2F_NOMI
    Category > 1      94.438     52.139      1.792      0.073
 F2F_NOMI
    Category > 1       0.000      0.000    999.000    999.000
 F2F_NOMI
    Category > 1       0.000      0.000    999.000    999.000
 F2F_NOMI
    Category > 1       0.000      0.000    999.000    999.000
 NON_RESP
    Category > 1   *********      0.000    999.000    999.000
 NON_RESP
    Category > 1   *********      0.000    999.000    999.000
 NON_RESP
    Category > 1    1252.627   1772.036      0.706      0.480
 NON_RESP
    Category > 1   24609.375  *********      0.065      0.948
 NON_RESP
    Category > 1   *********      0.000    999.000    999.000

Latent Class 2 Compared to Latent Class 3

 F2F_NOMI
    Category > 1   *********      0.000    999.000    999.000
 F2F_NOMI
    Category > 1       0.000      0.000    999.000    999.000
 F2F_NOMI
    Category > 1       0.265      0.153     -4.801      0.000
 F2F_NOMI
    Category > 1       0.241      0.169     -4.496      0.000
 F2F_NOMI
    Category > 1       0.412      0.475     -1.238      0.216
 NON_RESP
    Category > 1       6.880      4.925      1.194      0.233
 NON_RESP
    Category > 1       0.000      0.000    999.000    999.000
 NON_RESP
    Category > 1       0.780      0.577     -0.381      0.703
 NON_RESP
    Category > 1       0.545      0.294     -1.547      0.122
 NON_RESP
    Category > 1       0.855      0.508     -0.284      0.776

Latent Class 2 Compared to Latent Class 4

 F2F_NOMI
    Category > 1   *********      0.000    999.000    999.000
 F2F_NOMI
    Category > 1       0.000      0.000    999.000    999.000
 F2F_NOMI
    Category > 1       0.037      0.024    -39.928      0.000
 F2F_NOMI
    Category > 1       0.003      0.003   -326.597      0.000
 F2F_NOMI
    Category > 1       0.010      0.008   -118.161      0.000
 NON_RESP
    Category > 1      40.988     34.713      1.152      0.249
 NON_RESP
    Category > 1       0.000      0.000    999.000    999.000
 NON_RESP
    Category > 1       1.772      1.589      0.486      0.627
 NON_RESP
    Category > 1   *********      0.000    999.000    999.000
 NON_RESP
    Category > 1   *********      0.000    999.000    999.000

Latent Class 2 Compared to Latent Class 5

 F2F_NOMI
    Category > 1   *********      0.000    999.000    999.000
 F2F_NOMI
    Category > 1       0.000      0.000    999.000    999.000
 F2F_NOMI
    Category > 1       2.226      1.300      0.943      0.346
 F2F_NOMI
    Category > 1       2.606      1.684      0.954      0.340
 F2F_NOMI
    Category > 1       5.727      5.917      0.799      0.424
 NON_RESP
    Category > 1   *********      0.000    999.000    999.000
 NON_RESP
    Category > 1       1.000      0.000    999.000    999.000
 NON_RESP
    Category > 1       4.329      2.523      1.319      0.187
 NON_RESP
    Category > 1      11.427      7.744      1.347      0.178
 NON_RESP
    Category > 1       8.364      5.403      1.363      0.173

Latent Class 3 Compared to Latent Class 4

 F2F_NOMI
    Category > 1       1.176      0.630      0.279      0.780
 F2F_NOMI
    Category > 1   *********      0.000    999.000    999.000
 F2F_NOMI
    Category > 1       0.140      0.076    -11.353      0.000
 F2F_NOMI
    Category > 1       0.013      0.011    -85.993      0.000
 F2F_NOMI
    Category > 1       0.024      0.023    -41.656      0.000
 NON_RESP
    Category > 1       5.958      3.319      1.494      0.135
 NON_RESP
    Category > 1      21.922     31.683      0.660      0.509
 NON_RESP
    Category > 1       2.272      2.734      0.465      0.642
 NON_RESP
    Category > 1   *********      0.000    999.000    999.000
 NON_RESP
    Category > 1   *********      0.000    999.000    999.000

Latent Class 3 Compared to Latent Class 5

 F2F_NOMI
    Category > 1      38.568     17.071      2.201      0.028
 F2F_NOMI
    Category > 1   *********      0.000    999.000    999.000
 F2F_NOMI
    Category > 1       8.392      3.008      2.457      0.014
 F2F_NOMI
    Category > 1      10.831      5.320      1.848      0.065
 F2F_NOMI
    Category > 1      13.915     14.023      0.921      0.357
 NON_RESP
    Category > 1   *********      0.000    999.000    999.000
 NON_RESP
    Category > 1   *********      0.000    999.000    999.000
 NON_RESP
    Category > 1       5.550      3.560      1.278      0.201
 NON_RESP
    Category > 1      20.964     11.503      1.736      0.083
 NON_RESP
    Category > 1       9.777      4.742      1.851      0.064

Latent Class 4 Compared to Latent Class 5

 F2F_NOMI
    Category > 1      32.799     10.940      2.907      0.004
 F2F_NOMI
    Category > 1      54.615     20.052      2.674      0.008
 F2F_NOMI
    Category > 1      59.949     25.379      2.323      0.020
 F2F_NOMI
    Category > 1     807.998    618.581      1.305      0.192
 F2F_NOMI
    Category > 1     568.796    372.937      1.522      0.128
 NON_RESP
    Category > 1   *********      0.000    999.000    999.000
 NON_RESP
    Category > 1   *********      0.000    999.000    999.000
 NON_RESP
    Category > 1       2.443      1.871      0.771      0.441
 NON_RESP
    Category > 1       0.000      0.000    999.000    999.000
 NON_RESP
    Category > 1       0.000      0.000    999.000    999.000


QUALITY OF NUMERICAL RESULTS

     Condition Number for the Information Matrix              0.569E-04
       (ratio of smallest to largest eigenvalue)


SAVEDATA INFORMATION


  Save file
    mode_switch_lca_5.dat

  Order and format of variables

    F2F_NOMI       F10.3
    F2F_NOMI       F10.3
    F2F_NOMI       F10.3
    F2F_NOMI       F10.3
    F2F_NOMI       F10.3
    NON_RESP       F10.3
    NON_RESP       F10.3
    NON_RESP       F10.3
    NON_RESP       F10.3
    NON_RESP       F10.3
    ID             F10.3
    CPROB1         F10.3
    CPROB2         F10.3
    CPROB3         F10.3
    CPROB4         F10.3
    CPROB5         F10.3
    C              F10.3

  Save file format
    17F10.3

  Save file record length    10000


DIAGRAM INFORMATION

  Mplus diagrams are currently not available for Mixture analysis.
  No diagram output was produced.


     Beginning Time:  16:31:19
        Ending Time:  16:31:20
       Elapsed Time:  00:00:01



MUTHEN & MUTHEN
3463 Stoner Ave.
Los Angeles, CA  90066

Tel: (310) 391-9971
Fax: (310) 391-8971
Web: www.StatModel.com
Support: Support@StatModel.com

Copyright (c) 1998-2018 Muthen & Muthen
