Mplus VERSION 8.2
MUTHEN & MUTHEN
01/14/2019   4:17 PM

INPUT INSTRUCTIONS

  TITLE: latent class analysis of mode switch;
  DATA: FILE = "ip_data.dat";
  VARIABLE:
  NAMES = pidp indmode_5 ivfio_5 mm_5 sum_var_5 f2f_5 f2f_nomiss_5 non_resp_5
       indmode_6 ivfio_6 mm_6 sum_var_6 f2f_6 f2f_nomiss_6 non_resp_6 indmode_7
       ivfio_7 mm_7 sum_var_7 f2f_7 f2f_nomiss_7 non_resp_7 indmode_8 ivfio_8 mm_8
       sum_var_8 f2f_8 f2f_nomiss_8 non_resp_8 indmode_9 ivfio_9 mm_9 sum_var_9 f2f_9
       f2f_nomiss_9 non_resp_9 indmode_10 ivfio_10 mm_10 sum_var_10 f2f_10
       f2f_nomiss_10 non_resp_10 inwork_4 edu_4 agecat_4 female_4 white_4 partner_4
       sf1_4 longill_4 london_4 north_4 urban_4 refresh_4 Higher_4 Alevel_4 GCSE_4
       Other_4 age_35_4 age_55_4 age_75_4 age_102_4 inwork_9 edu_9 agecat_9 female_9
       white_9 partner_9 sf1_9 longill_9 london_9 north_9 urban_9 refresh_9 Higher_9
       Alevel_9 GCSE_9 Other_9 age_35_9 age_55_9 age_75_9 age_102_9 f2f f2f_nomiss
       non_resp;
  USEVARIABLES ARE
      f2f_nomiss_5 f2f_nomiss_6 f2f_nomiss_7 f2f_nomiss_8 f2f_nomiss_9
      non_resp_5 non_resp_6 non_resp_7 non_resp_8 non_resp_9
      inwork_9 female_9 white_9 partner_9
          sf1_9 longill_9 london_9 north_9
          urban_9 refresh_9  Higher_9 Alevel_9
          GCSE_9 age_55_9 age_75_9 age_102_9
          f2f_10 non_resp_10;

       CATEGORICAL ARE
      f2f_nomiss_5 f2f_nomiss_6 f2f_nomiss_7 f2f_nomiss_8 f2f_nomiss_9
      non_resp_5 non_resp_6 non_resp_7 non_resp_8 non_resp_9
      f2f_10 non_resp_10;

  MISSING=.;

  CLASSES = c (5);

  ANALYSIS: TYPE = MIXTURE;



    MODEL:

     %OVERALL%
      f2f_10 non_resp_10 ON inwork_9 female_9 white_9 partner_9
            sf1_9 longill_9 london_9 north_9
            urban_9 refresh_9  Higher_9 Alevel_9
            GCSE_9 age_55_9 age_75_9 age_102_9;

        %C#2%
      f2f_10 non_resp_10 ON inwork_9 female_9 white_9 partner_9
            sf1_9 longill_9 london_9 north_9
            urban_9 refresh_9  Higher_9 Alevel_9
            GCSE_9 age_55_9 age_75_9 age_102_9;

        %C#3%
       f2f_10 non_resp_10 ON inwork_9 female_9 white_9 partner_9
            sf1_9 longill_9 london_9 north_9
            urban_9 refresh_9  Higher_9 Alevel_9
            GCSE_9 age_55_9 age_75_9 age_102_9;

        %C#4%
       f2f_10 non_resp_10 ON inwork_9 female_9 white_9 partner_9
            sf1_9 longill_9 london_9 north_9
            urban_9 refresh_9  Higher_9 Alevel_9
            GCSE_9 age_55_9 age_75_9 age_102_9;

        %C#5%
       f2f_10 non_resp_10 ON inwork_9 female_9 white_9 partner_9
            sf1_9 longill_9 london_9 north_9
            urban_9 refresh_9  Higher_9 Alevel_9
            GCSE_9 age_55_9 age_75_9 age_102_9;

  OUTPUT: TECH1 TECH8 TECH10;

*** WARNING in VARIABLE command
  Note that only the first 8 characters of variable names are used in the output.
  Shorten variable names to avoid any confusion.
*** ERROR
  One or more variables have a variance of zero.
  Check your data and format statement.

    Continuous    Number of
     Variable   Observations    Variance

      F2F_NOMI         4        N/A
      F2F_NOMI         4        N/A
      F2F_NOMI         4        N/A
      F2F_NOMI         4        N/A
      F2F_NOMI         4        N/A
      NON_RESP         4        N/A
      NON_RESP         4        N/A
      NON_RESP         4        N/A
      NON_RESP         4        N/A
      NON_RESP         4        N/A
      F2F_10           2        N/A
      NON_RESP         4        N/A
      INWORK_9         4           0.188
    **FEMALE_9         4           0.000
      WHITE_9          4           0.188
      PARTNER_         4           0.250
      SF1_9            4           0.688
      LONGILL_         4           0.188
    **LONDON_9         4           0.000
      NORTH_9          4           0.188
      URBAN_9          4           0.250
      REFRESH_         4           0.188
    **HIGHER_9         4           0.000
      ALEVEL_9         4           0.188
      GCSE_9           4           0.250
      AGE_55_9         4           0.188
      AGE_75_9         4           0.250
    **AGE_102_         4           0.000

*** WARNING
  Data set contains cases with missing on all variables.
  These cases were not included in the analysis.
  Number of cases with missing on all variables:  1443
*** WARNING
  Data set contains cases with missing on x-variables.
  These cases were not included in the analysis.
  Number of cases with missing on x-variables:  2273
*** WARNING
  Data set contains cases with missing on all variables except
  x-variables.  These cases were not included in the analysis.
  Number of cases with missing on all variables except x-variables:  14


MUTHEN & MUTHEN
3463 Stoner Ave.
Los Angeles, CA  90066

Tel: (310) 391-9971
Fax: (310) 391-8971
Web: www.StatModel.com
Support: Support@StatModel.com

Copyright (c) 1998-2018 Muthen & Muthen
