Mplus VERSION 8
MUTHEN & MUTHEN
03/01/2021   8:13 AM

INPUT INSTRUCTIONS

  TITLE: latent class analysis of mode switch;
  DATA: FILE = "ip_data2.dat";
  VARIABLE:
  NAMES = pidp hidp_5 indmode_5 mm_5 ivfho_5 f2f_5 f2f_nomiss_5 non_resp_5 non_resp2_5
       out_5 hidp_6 indmode_6 mm_6 ivfho_6 f2f_6 f2f_nomiss_6 non_resp_6 non_resp2_6
       out_6 hidp_7 indmode_7 mm_7 ivfho_7 f2f_7 f2f_nomiss_7 non_resp_7 non_resp2_7
       out_7 hidp_8 indmode_8 mm_8 ivfho_8 f2f_8 f2f_nomiss_8 non_resp_8 non_resp2_8
       out_8 hidp_9 indmode_9 mm_9 ivfho_9 f2f_9 f2f_nomiss_9 non_resp_9 non_resp2_9
       out_9 hidp_10 indmode_10 mm_10 ivfho_10 f2f_10 f2f_nomiss_10 non_resp_10
       non_resp2_10 out_10 ivfio_5 ivfio_6 ivfio_7 ivfio_8 ivfio_9 ivfio_10 inwork_4
       edu_4 agecat_4 female_4 white_4 partner_4 sf1_4 longill_4 london_4 north_4
       urban_4 refresh_4 Higher_4 alevel_4 GCSE_4 Other_4 age_35_4 age_55_4 age_75_4
       age_102_4 inwork_9 edu_9 agecat_9 female_9 white_9 partner_9 sf1_9 longill_9
       london_9 north_9 urban_9 refresh_9 Higher_9 alevel_9 GCSE_9 Other_9 age_35_9
       age_55_9 age_75_9 age_102_9 hidp net_d net_n net_s net_m mobile work vol_y
       vol_m don_y don_m vote_y vote_m p_web p_f2f p_tel p_mail p_other coop coop_m
       suspi_n suspi_m mm2 ncalls ncall2 ncall6 ncall30 f2f f2f_nomiss non_resp
       f2f_offer id f2f2_5 othernr_5 refuse_5 web_5 f2f2_6 nissue_6 othernr_6 refuse_6
       web_6 f2f2_7 nissue_7 othernr_7 refuse_7 web_7 f2f2_8 nissue_8 othernr_8
       refuse_8 web_8 f2f2_9 nissue_9 othernr_9 refuse_9 web_9;


  USEVARIABLES ARE
      f2f2_5 f2f2_6 f2f2_7 f2f2_8 f2f2_9
      nissue_6 nissue_7 nissue_8 nissue_9
      refuse_5 refuse_6 refuse_7 refuse_8 refuse_9
      othernr_5 othernr_6 othernr_7 othernr_8 othernr_9;
  CATEGORICAL ARE
      f2f2_5 f2f2_6 f2f2_7 f2f2_8 f2f2_9
      nissue_6 nissue_7 nissue_8 nissue_9
      refuse_5 refuse_6 refuse_7 refuse_8 refuse_9
      othernr_5 othernr_6 othernr_7 othernr_8 othernr_9;
  MISSING=.;

  CLASSES = c (2);


  ANALYSIS: TYPE = MIXTURE;
        Processors = 8(starts);
        STARTS = 800 400;



*** WARNING in VARIABLE command
  Note that only the first 8 characters of variable names are used in the output.
  Shorten variable names to avoid any confusion.
*** WARNING
  Data set contains cases with missing on all variables.
  These cases were not included in the analysis.
  Number of cases with missing on all variables:  2428
   2 WARNING(S) FOUND IN THE INPUT INSTRUCTIONS



latent class analysis of mode switch;

SUMMARY OF ANALYSIS

Number of groups                                                 1
Number of observations                                        1636

Number of dependent variables                                   19
Number of independent variables                                  0
Number of continuous latent variables                            0
Number of categorical latent variables                           1

Observed dependent variables

  Binary and ordered categorical (ordinal)
   F2F2_5      F2F2_6      F2F2_7      F2F2_8      F2F2_9      NISSUE_6
   NISSUE_7    NISSUE_8    NISSUE_9    REFUSE_5    REFUSE_6    REFUSE_7
   REFUSE_8    REFUSE_9    OTHERNR_    OTHERNR_    OTHERNR_    OTHERNR_
   OTHERNR_

Categorical latent variables
   C


Estimator                                                      MLR
Information matrix                                        OBSERVED
Optimization Specifications for the Quasi-Newton Algorithm for
Continuous Outcomes
  Maximum number of iterations                                 100
  Convergence criterion                                  0.100D-05
Optimization Specifications for the EM Algorithm
  Maximum number of iterations                                 500
  Convergence criteria
    Loglikelihood change                                 0.100D-06
    Relative loglikelihood change                        0.100D-06
    Derivative                                           0.100D-05
Optimization Specifications for the M step of the EM Algorithm for
Categorical Latent variables
  Number of M step iterations                                    1
  M step convergence criterion                           0.100D-05
  Basis for M step termination                           ITERATION
Optimization Specifications for the M step of the EM Algorithm for
Censored, Binary or Ordered Categorical (Ordinal), Unordered
Categorical (Nominal) and Count Outcomes
  Number of M step iterations                                    1
  M step convergence criterion                           0.100D-05
  Basis for M step termination                           ITERATION
  Maximum value for logit thresholds                            15
  Minimum value for logit thresholds                           -15
  Minimum expected cell size for chi-square              0.100D-01
Maximum number of iterations for H1                           2000
Convergence criterion for H1                             0.100D-03
Optimization algorithm                                         EMA
Random Starts Specifications
  Number of initial stage random starts                        800
  Number of final stage optimizations                          400
  Number of initial stage iterations                            10
  Initial stage convergence criterion                    0.100D+01
  Random starts scale                                    0.500D+01
  Random seed for generating random starts                       0
Link                                                         LOGIT

Input data file(s)
  ip_data2.dat
Input data format  FREE


SUMMARY OF DATA

     Number of missing data patterns             1
     Number of y missing data patterns           0
     Number of u missing data patterns           1


COVARIANCE COVERAGE OF DATA

Minimum covariance coverage value   0.100


UNIVARIATE PROPORTIONS AND COUNTS FOR CATEGORICAL VARIABLES

    F2F2_5
      Category 1    0.629         1029.000
      Category 2    0.371          607.000
    F2F2_6
      Category 1    0.740         1210.000
      Category 2    0.260          426.000
    F2F2_7
      Category 1    0.820         1342.000
      Category 2    0.180          294.000
    F2F2_8
      Category 1    0.830         1358.000
      Category 2    0.170          278.000
    F2F2_9
      Category 1    0.882         1443.000
      Category 2    0.118          193.000
    NISSUE_6
      Category 1    0.984         1610.000
      Category 2    0.016           26.000
    NISSUE_7
      Category 1    0.911         1490.000
      Category 2    0.089          146.000
    NISSUE_8
      Category 1    0.802         1312.000
      Category 2    0.198          324.000
    NISSUE_9
      Category 1    0.672         1099.000
      Category 2    0.328          537.000
    REFUSE_5
      Category 1    0.934         1528.000
      Category 2    0.066          108.000
    REFUSE_6
      Category 1    0.885         1448.000
      Category 2    0.115          188.000
    REFUSE_7
      Category 1    0.862         1411.000
      Category 2    0.138          225.000
    REFUSE_8
      Category 1    0.907         1484.000
      Category 2    0.093          152.000
    REFUSE_9
      Category 1    0.966         1580.000
      Category 2    0.034           56.000
    OTHERNR_
      Category 1    0.861         1409.000
      Category 2    0.139          227.000
    OTHERNR_
      Category 1    0.881         1442.000
      Category 2    0.119          194.000
    OTHERNR_
      Category 1    0.831         1359.000
      Category 2    0.169          277.000
    OTHERNR_
      Category 1    0.882         1443.000
      Category 2    0.118          193.000
    OTHERNR_
      Category 1    0.913         1494.000
      Category 2    0.087          142.000


RANDOM STARTS RESULTS RANKED FROM THE BEST TO THE WORST LOGLIKELIHOOD VALUES

Final stage loglikelihood values at local maxima, seeds, and initial stage start numbers:

          -10956.671  502495           724
          -10956.671  926797           406
          -10956.671  59963            670
          -10956.671  791396           243
          -10956.671  82357            339
          -10956.671  168762           200
          -10956.671  539751           459
          -10956.671  177936           726
          -10956.671  358488           264
          -10956.671  782821           272
          -10956.671  848356           602
          -10956.671  275475           413
          -10956.671  595619           779
          -10956.671  53621            483
          -10956.671  227563           63
          -10956.671  655497           376
          -10956.671  669634           335
          -10956.671  297518           166
          -10956.671  443442           380
          -10956.671  345070           114
          -10956.671  238906           430
          -10956.671  340112           126
          -10956.671  392407           221
          -10956.671  49293            707
          -10956.671  30098            209
          -10956.671  213189           605
          -10956.671  193042           316
          -10956.671  965994           396
          -10956.671  760878           249
          -10956.671  732596           320
          -10956.671  915642           40
          -10956.671  313306           612
          -10956.671  327140           678
          -10956.671  391949           295
          -10956.671  42523            730
          -10956.671  918558           412
          -10956.671  475420           71
          -10956.671  603842           61
          -10956.671  77210            712
          -10956.671  545140           278
          -10956.671  579995           183
          -10956.671  857799           315
          -10956.671  109357           765
          -10956.671  35191            703
          -10956.671  536551           696
          -10956.671  393232           152
          -10956.671  638611           524
          -10956.671  85462            51
          -10964.348  605358           321
          -10964.348  370957           554
          -10964.348  314084           81
          -10964.348  765586           709
          -10964.348  805935           615
          -10964.348  800454           751
          -10964.348  117391           710
          -10964.348  580539           786
          -10964.348  642909           251
          -10964.348  226322           478
          -10964.348  497522           502
          -10975.284  855760           593
          -10975.284  830392           35
          -10975.284  178475           231
          -10975.284  505879           424
          -10975.284  637345           19
          -10975.284  879211           453
          -10975.284  694303           282
          -10975.284  247224           94
          -10975.284  312587           775
          -10975.284  266038           672
          -10975.284  742688           594
          -10975.284  264081           186
          -10975.284  830292           527
          -10975.284  840031           276
          -10975.284  318177           748
          -10975.284  62835            642
          -10975.284  573096           20
          -10975.284  972873           157
          -10975.284  81117            305
          -10975.284  43523            297
          -10975.284  399848           220
          -10975.284  802682           419
          -10975.284  59674            240
          -10975.284  138695           783
          -10975.284  617243           237
          -10975.284  715561           125
          -10975.284  146900           391
          -10975.284  838615           677
          -10975.284  284109           82
          -10975.284  72662            729
          -10975.284  192071           142
          -10975.284  264901           634
          -10975.284  626891           32
          -10975.284  570908           98
          -10975.284  147440           514
          -10975.284  847088           750
          -10975.284  140849           515
          -10975.284  971853           402
          -10975.284  70118            104
          -10975.284  112586           494
          -10975.284  207896           25
          -10975.284  317640           437
          -10975.284  569833           85
          -10975.284  408713           450
          -10975.284  46502            714
          -10975.284  459221           652
          -10975.284  696773           80
          -10975.284  466971           109
          -10975.284  378393           509
          -10975.284  471040           403
          -10975.284  667250           318
          -10975.284  569131           26
          -10975.284  320494           465
          -10975.284  349562           359
          -10975.284  371246           101
          -10975.284  987090           70
          -10975.284  294669           501
          -10975.284  960438           116
          -10975.284  691234           250
          -10975.284  947714           573
          -10975.284  123985           248
          -10975.284  155622           507
          -10975.284  303834           798
          -10975.284  437181           135
          -10975.284  520177           262
          -10975.284  153394           429
          -10975.284  326091           759
          -10975.284  425929           508
          -10975.284  551340           766
          -10975.284  605161           409
          -10975.284  849670           347
          -10975.284  566687           597
          -10975.284  657994           788
          -10975.284  211281           292
          -10975.284  599729           658
          -10975.284  871851           257
          -10975.284  686482           215
          -10975.284  263221           447
          -10975.284  691041           590
          -10975.284  351807           617
          -10975.284  762461           425
          -10975.284  404510           442
          -10975.284  360419           356
          -10975.284  251641           784
          -10975.284  267983           228
          -10975.284  580181           691
          -10975.284  148918           682
          -10975.284  626087           314
          -10975.284  621542           375
          -10975.284  856612           700
          -10975.284  73576            213
          -10975.284  402699           604
          -10975.284  913639           162
          -10975.284  783110           72
          -10975.284  188640           451
          -10975.284  284384           600
          -10975.284  629320           222
          -10975.284  780698           337
          -10975.284  345974           622
          -10975.284  802256           477
          -10975.284  931874           141
          -10975.284  617658           660
          -10975.284  549244           756
          -10975.284  967902           52
          -10975.284  136842           58
          -10975.284  319144           176
          -10975.284  641794           591
          -10975.284  246261           38
          -10975.284  626208           698
          -10975.284  489927           520
          -10975.284  441191           361
          -10975.284  784664           75
          -10975.284  715255           523
          -10975.284  49221            254
          -10975.284  61587            400
          -10975.284  417035           149
          -10975.284  646573           741
          -10975.284  76974            16
          -10975.284  7959             256
          -10975.284  978781           497
          -10975.284  279850           555
          -10975.284  606576           151
          -10975.284  570681           777
          -10975.284  156536           245
          -10975.284  161421           519
          -10975.284  840078           203
          -10975.284  224950           455
          -10975.284  407108           366
          -10975.284  85114            385
          -10975.284  253358           2
          -10975.284  266008           656
          -10975.284  57226            208
          -10975.284  484501           163
          -10975.284  592219           119
          -10975.284  316165           299
          -10975.284  673496           218
          -10975.284  728038           177
          -10975.284  963053           43
          -10975.284  775884           639
          -10975.284  462821           745
          -10975.284  354395           486
          -10975.284  794236           127
          -10975.284  802779           122
          -10975.284  714455           476
          -10975.284  512403           719
          -10975.284  283492           435
          -10975.284  276696           676
          -10975.284  499150           216
          -10975.284  85734            411
          -10975.284  291149           536
          -10975.284  933578           506
          -10975.284  178031           720
          -10975.284  396795           323
          -10975.284  17896            592
          -10975.284  813779           92
          -10975.284  551639           55
          -10975.284  79945            395
          -10975.284  605565           404
          -10975.284  170118           238
          -10975.284  1548             384
          -10975.284  576220           115
          -10975.284  568859           49
          -10975.284  742609           531
          -10975.284  501995           791
          -10975.284  366706           29
          -10975.284  631413           439
          -10975.284  478421           311
          -10975.284  534193           689
          -10975.284  875667           367
          -10975.284  937885           426
          -10975.284  347222           533
          -10975.284  836066           372
          -10975.284  55115            408
          -10975.284  900631           774
          -10975.284  476393           705
          -10975.284  22874            588
          -10975.284  478341           731
          -10975.284  379729           512
          -10975.284  887580           493
          -10975.284  12477            155
          -10975.284  642386           662
          -10975.284  335485           496
          -10975.284  699810           571
          -10975.284  349263           263
          -10975.284  405079           68
          -10975.284  941525           609
          -10975.284  702492           718
          -10975.284  846194           93
          -10975.284  435287           623
          -10975.284  150531           154
          -10975.284  246575           291
          -10975.284  118438           601
          -10975.284  404042           675
          -10975.284  197223           332
          -10975.284  897782           545
          -10975.284  982520           737
          -10975.284  761633           50
          -10975.284  574412           679
          -10975.284  343926           624
          -10975.284  872743           374
          -10975.284  609089           241
          -10975.284  422103           62
          -10975.284  995913           787
          -10975.284  830570           369
          -10975.284  84013            598
          -10975.284  793035           187
          -10975.284  638977           643
          -10975.284  160326           546
          -10975.284  710445           792
          -10975.284  413564           535
          -10975.284  130011           587
          -10975.284  640833           434
          -10975.284  939870           655
          -10975.284  307843           664
          -10975.284  848969           173
          -10975.284  609185           181
          -10975.284  29591            633
          -10975.284  863691           481
          -10975.284  213532           503
          -10975.284  801065           393
          -10975.284  476498           179
          -10975.284  848590           694
          -10975.284  616917           261
          -10975.284  636396           168
          -10975.284  260953           589
          -10975.284  438144           271
          -10975.284  471438           252
          -10975.284  416463           467
          -10975.284  97158            205
          -10975.284  443917           60
          -10975.284  373815           618
          -10975.284  349360           464
          -10975.284  763285           620
          -10975.284  787985           482
          -10978.155  769907           457
          -10978.155  471398           74
          -10978.155  414284           158
          -10978.155  604861           800
          -10978.155  882750           646
          -10978.155  574942           558
          -10978.155  107446           12
          -10978.155  881886           608
          -10978.155  863094           147
          -10978.155  576596           99
          -10978.155  15715            274
          -10978.155  699554           427
          -10985.393  22362            365
          -10988.095  659832           754
          -10988.095  3307             735
          -10988.095  967237           48
          -10988.095  301180           236
          -10988.095  937588           293
          -10988.095  212934           568
          -10988.095  930323           267
          -10988.095  479273           156
          -10988.095  547702           767
          -10988.095  190339           102
          -10988.095  4091             548
          -10988.095  322790           636
          -10988.095  21132            351
          -10988.095  824126           287
          -10988.095  311214           64
          -10988.095  939021           8
          -10988.095  939709           112
          -10988.095  898745           466
          -10988.095  373702           669
          -10988.095  809240           543
          -10988.095  722748           346
          -10988.095  352277           42
          -10988.095  777045           377
          -10988.095  831410           567
          -10988.095  783165           170
          -10988.095  858804           534
          -10988.095  505244           582
          -10988.095  399671           13
          -10988.095  580405           286
          -10988.095  364676           27
          -10988.095  997222           229
          -10988.095  314034           513
          -10988.095  351622           551
          -10988.095  860102           495
          -10988.095  685268           596
          -10988.095  170954           86
          -10988.095  436460           89
          -10988.095  670281           721
          -10988.095  689529           516
          -10988.095  751054           117
          -10988.095  117587           572
          -10988.095  329127           185
          -10988.095  14262            781
          -10988.095  27071            15
          -10988.095  491970           563
          -10988.095  853781           716
          -10988.095  442072           625
          -10988.095  383902           673
          -10988.095  520865           763
          -10988.095  648555           113
          -10988.095  206099           363
          -10988.095  432148           30
          -10988.095  369602           146
          -10988.095  926283           269
          -10996.046  202790           198
          -10996.046  529496           343
          -11002.002  644297           340
          -11002.002  374219           353
          -11002.002  804660           260
          -11079.433  677720           681
          -11208.130  836515           341
          -11208.130  404426           344
          -11208.130  23012            352
          -11208.130  833196           715
          -11208.130  596257           405
          -11208.130  118421           139
          -11208.130  281558           184
          -11208.130  563584           657
          -11208.130  790059           469
          -11208.130  652266           490
          -11208.130  220492           743
          -11208.130  165853           105
          -11208.130  485256           371
          -11208.130  392751           480
          -11208.130  922596           456
          -11208.130  278692           342
          -11208.130  798839           312
          -11208.130  152496           123
          -11208.130  273992           349
          -11208.130  392418           28
          -11208.130  217744           326
          -11208.130  502157           799
          -11208.130  248742           556
          -11208.130  859432           770
          -11208.130  659773           663
          -11208.130  999211           628
          -11208.130  692169           308
          -11208.130  440841           118
          -11208.130  810705           626
          -11208.130  298553           773
          -11208.130  140442           500
          -11208.130  789985           67
          -11208.130  193847           354
          -11208.130  526324           178



THE BEST LOGLIKELIHOOD VALUE HAS BEEN REPLICATED.  RERUN WITH AT LEAST TWICE THE
RANDOM STARTS TO CHECK THAT THE BEST LOGLIKELIHOOD IS STILL OBTAINED AND REPLICATED.

     IN THE OPTIMIZATION, ONE OR MORE LOGIT THRESHOLDS APPROACHED AND WERE SET
     AT THE EXTREME VALUES.  EXTREME VALUES ARE -15.000 AND 15.000.
     THE FOLLOWING THRESHOLDS WERE SET AT THESE VALUES:
     * THRESHOLD 1 OF CLASS INDICATOR F2F2_8 FOR CLASS 1 AT ITERATION 23
     * THRESHOLD 1 OF CLASS INDICATOR F2F2_9 FOR CLASS 1 AT ITERATION 23
     * THRESHOLD 1 OF CLASS INDICATOR NISSUE_8 FOR CLASS 1 AT ITERATION 23
     * THRESHOLD 1 OF CLASS INDICATOR NISSUE_9 FOR CLASS 1 AT ITERATION 23
     * THRESHOLD 1 OF CLASS INDICATOR REFUSE_8 FOR CLASS 1 AT ITERATION 23
     * THRESHOLD 1 OF CLASS INDICATOR REFUSE_9 FOR CLASS 1 AT ITERATION 23
     * THRESHOLD 1 OF CLASS INDICATOR OTHERNR_ FOR CLASS 1 AT ITERATION 23
     * THRESHOLD 1 OF CLASS INDICATOR OTHERNR_ FOR CLASS 1 AT ITERATION 23





THE MODEL ESTIMATION TERMINATED NORMALLY

     THE CHI-SQUARE TEST CANNOT BE COMPUTED BECAUSE THE FREQUENCY TABLE FOR THE
     LATENT CLASS INDICATOR MODEL PART IS TOO LARGE.




MODEL FIT INFORMATION

Number of Free Parameters                       39

Loglikelihood

          H0 Value                      -10956.671
          H0 Scaling Correction Factor      1.0012
            for MLR

Information Criteria

          Akaike (AIC)                   21991.341
          Bayesian (BIC)                 22201.941
          Sample-Size Adjusted BIC       22078.045
            (n* = (n + 2) / 24)



FINAL CLASS COUNTS AND PROPORTIONS FOR THE LATENT CLASSES
BASED ON THE ESTIMATED MODEL

    Latent
   Classes

       1        319.26475          0.19515
       2       1316.73525          0.80485


FINAL CLASS COUNTS AND PROPORTIONS FOR THE LATENT CLASSES
BASED ON ESTIMATED POSTERIOR PROBABILITIES

    Latent
   Classes

       1        319.26475          0.19515
       2       1316.73525          0.80485


FINAL CLASS COUNTS AND PROPORTIONS FOR THE LATENT CLASSES
BASED ON THEIR MOST LIKELY LATENT CLASS MEMBERSHIP

Class Counts and Proportions

    Latent
   Classes

       1              320          0.19560
       2             1316          0.80440


CLASSIFICATION QUALITY

     Entropy                         0.997


Average Latent Class Probabilities for Most Likely Latent Class Membership (Row)
by Latent Class (Column)

           1        2

    1   0.998    0.002
    2   0.000    1.000


Classification Probabilities for the Most Likely Latent Class Membership (Column)
by Latent Class (Row)

           1        2

    1   1.000    0.000
    2   0.001    0.999


Logits for the Classification Probabilities for the Most Likely Latent Class Membership (Column)
by Latent Class (Row)

              1        2

    1     13.816    0.000
    2     -7.490    0.000


MODEL RESULTS

                                                    Two-Tailed
                    Estimate       S.E.  Est./S.E.    P-Value

Latent Class 1

 Thresholds
    F2F2_5$1           0.515      0.117      4.418      0.000
    F2F2_6$1           1.456      0.145     10.006      0.000
    F2F2_7$1           2.975      0.268     11.082      0.000
    F2F2_8$1          15.000      0.000    999.000    999.000
    F2F2_9$1          15.000      0.000    999.000    999.000
    NISSUE_6$1         2.510      0.212     11.820      0.000
    NISSUE_7$1         0.209      0.113      1.850      0.064
    NISSUE_8$1       -15.000      0.000    999.000    999.000
    NISSUE_9$1       -15.000      0.000    999.000    999.000
    REFUSE_5$1         2.063      0.177     11.647      0.000
    REFUSE_6$1         0.905      0.124      7.304      0.000
    REFUSE_7$1         1.328      0.138      9.647      0.000
    REFUSE_8$1        15.000      0.000    999.000    999.000
    REFUSE_9$1        15.000      0.000    999.000    999.000
    OTHERNR_$1         1.345      0.138      9.715      0.000
    OTHERNR_$1         0.904      0.124      7.301      0.000
    OTHERNR_$1         0.999      0.126      7.912      0.000
    OTHERNR_$1        15.000      0.000    999.000    999.000
    OTHERNR_$1        15.000      0.000    999.000    999.000

Latent Class 2

 Thresholds
    F2F2_5$1           0.531      0.057      9.290      0.000
    F2F2_6$1           0.956      0.062     15.491      0.000
    F2F2_7$1           1.316      0.068     19.458      0.000
    F2F2_8$1           1.318      0.068     19.522      0.000
    F2F2_9$1           1.762      0.078     22.613      0.000
    NISSUE_6$1         6.488      0.708      9.169      0.000
    NISSUE_7$1         6.082      0.578     10.522      0.000
    NISSUE_8$1         5.624      0.504     11.158      0.000
    NISSUE_9$1         1.619      0.074     21.783      0.000
    REFUSE_5$1         2.850      0.121     23.515      0.000
    REFUSE_6$1         2.543      0.106     23.984      0.000
    REFUSE_7$1         1.992      0.085     23.483      0.000
    REFUSE_8$1         2.036      0.086     23.613      0.000
    REFUSE_9$1         3.114      0.137     22.800      0.000
    OTHERNR_$1         1.971      0.084     23.424      0.000
    OTHERNR_$1         2.477      0.103     24.027      0.000
    OTHERNR_$1         1.773      0.078     22.657      0.000
    OTHERNR_$1         1.762      0.078     22.611      0.000
    OTHERNR_$1         2.113      0.089     23.785      0.000

Categorical Latent Variables

 Means
    C#1               -1.417      0.062    -22.672      0.000


RESULTS IN PROBABILITY SCALE

Latent Class 1

 F2F2_5
    Category 1         0.626      0.027     22.942      0.000
    Category 2         0.374      0.027     13.710      0.000
 F2F2_6
    Category 1         0.811      0.022     36.345      0.000
    Category 2         0.189      0.022      8.478      0.000
 F2F2_7
    Category 1         0.951      0.012     76.720      0.000
    Category 2         0.049      0.012      3.915      0.000
 F2F2_8
    Category 1         1.000      0.000      0.000      1.000
    Category 2         0.000      0.000      0.000      1.000
 F2F2_9
    Category 1         1.000      0.000      0.000      1.000
    Category 2         0.000      0.000      0.000      1.000
 NISSUE_6
    Category 1         0.925      0.015     62.647      0.000
    Category 2         0.075      0.015      5.092      0.000
 NISSUE_7
    Category 1         0.552      0.028     19.744      0.000
    Category 2         0.448      0.028     16.018      0.000
 NISSUE_8
    Category 1         0.000      0.000      0.000      1.000
    Category 2         1.000      0.000      0.000      1.000
 NISSUE_9
    Category 1         0.000      0.000      0.000      1.000
    Category 2         1.000      0.000      0.000      1.000
 REFUSE_5
    Category 1         0.887      0.018     50.075      0.000
    Category 2         0.113      0.018      6.363      0.000
 REFUSE_6
    Category 1         0.712      0.025     28.025      0.000
    Category 2         0.288      0.025     11.343      0.000
 REFUSE_7
    Category 1         0.790      0.023     34.674      0.000
    Category 2         0.210      0.023      9.192      0.000
 REFUSE_8
    Category 1         1.000      0.000      0.000      1.000
    Category 2         0.000      0.000      0.000      1.000
 REFUSE_9
    Category 1         1.000      0.000      0.000      1.000
    Category 2         0.000      0.000      0.000      1.000
 OTHERNR_
    Category 1         0.793      0.023     34.945      0.000
    Category 2         0.207      0.023      9.101      0.000
 OTHERNR_
    Category 1         0.712      0.025     28.014      0.000
    Category 2         0.288      0.025     11.339      0.000
 OTHERNR_
    Category 1         0.731      0.025     29.423      0.000
    Category 2         0.269      0.025     10.830      0.000
 OTHERNR_
    Category 1         1.000      0.000      0.000      1.000
    Category 2         0.000      0.000      0.000      1.000
 OTHERNR_
    Category 1         1.000      0.000      0.000      1.000
    Category 2         0.000      0.000      0.000      1.000

Latent Class 2

 F2F2_5
    Category 1         0.630      0.013     47.249      0.000
    Category 2         0.370      0.013     27.784      0.000
 F2F2_6
    Category 1         0.722      0.012     58.353      0.000
    Category 2         0.278      0.012     22.431      0.000
 F2F2_7
    Category 1         0.788      0.011     69.914      0.000
    Category 2         0.212      0.011     18.754      0.000
 F2F2_8
    Category 1         0.789      0.011     70.148      0.000
    Category 2         0.211      0.011     18.774      0.000
 F2F2_9
    Category 1         0.853      0.010     87.573      0.000
    Category 2         0.147      0.010     15.041      0.000
 NISSUE_6
    Category 1         0.998      0.001    930.364      0.000
    Category 2         0.002      0.001      1.415      0.157
 NISSUE_7
    Category 1         0.998      0.001    759.251      0.000
    Category 2         0.002      0.001      1.734      0.083
 NISSUE_8
    Category 1         0.996      0.002    551.652      0.000
    Category 2         0.004      0.002      1.991      0.046
 NISSUE_9
    Category 1         0.835      0.010     81.370      0.000
    Category 2         0.165      0.010     16.121      0.000
 REFUSE_5
    Category 1         0.945      0.006    150.883      0.000
    Category 2         0.055      0.006      8.728      0.000
 REFUSE_6
    Category 1         0.927      0.007    129.354      0.000
    Category 2         0.073      0.007     10.174      0.000
 REFUSE_7
    Category 1         0.880      0.009     98.192      0.000
    Category 2         0.120      0.009     13.399      0.000
 REFUSE_8
    Category 1         0.885      0.009    100.451      0.000
    Category 2         0.115      0.009     13.109      0.000
 REFUSE_9
    Category 1         0.957      0.006    172.153      0.000
    Category 2         0.043      0.006      7.647      0.000
 OTHERNR_
    Category 1         0.878      0.009     97.183      0.000
    Category 2         0.122      0.009     13.541      0.000
 OTHERNR_
    Category 1         0.923      0.007    125.196      0.000
    Category 2         0.077      0.007     10.514      0.000
 OTHERNR_
    Category 1         0.855      0.010     88.035      0.000
    Category 2         0.145      0.010     14.946      0.000
 OTHERNR_
    Category 1         0.853      0.010     87.565      0.000
    Category 2         0.147      0.010     15.039      0.000
 OTHERNR_
    Category 1         0.892      0.009    104.379      0.000
    Category 2         0.108      0.009     12.617      0.000


LATENT CLASS ODDS RATIO RESULTS

Latent Class 1 Compared to Latent Class 2

 F2F2_5
    Category > 1       1.016      0.132      7.684      0.000
 F2F2_6
    Category > 1       0.607      0.096      6.296      0.000
 F2F2_7
    Category > 1       0.190      0.053      3.598      0.000
 F2F2_8
    Category > 1       0.000      0.000    999.000    999.000
 F2F2_9
    Category > 1       0.000      0.000    999.000    999.000
 NISSUE_6
    Category > 1      53.433     39.477      1.354      0.176
 NISSUE_7
    Category > 1     355.223    209.231      1.698      0.090
 NISSUE_8
    Category > 1   *********      0.000    999.000    999.000
 NISSUE_9
    Category > 1   *********      0.000    999.000    999.000
 REFUSE_5
    Category > 1       2.196      0.471      4.659      0.000
 REFUSE_6
    Category > 1       5.146      0.839      6.130      0.000
 REFUSE_7
    Category > 1       1.943      0.314      6.181      0.000
 REFUSE_8
    Category > 1       0.000      0.000    999.000    999.000
 REFUSE_9
    Category > 1       0.000      0.000    999.000    999.000
 OTHERNR_
    Category > 1       1.869      0.303      6.167      0.000
 OTHERNR_
    Category > 1       4.820      0.777      6.201      0.000
 OTHERNR_
    Category > 1       2.168      0.322      6.725      0.000
 OTHERNR_
    Category > 1       0.000      0.000    999.000    999.000
 OTHERNR_
    Category > 1       0.000      0.000    999.000    999.000


QUALITY OF NUMERICAL RESULTS

     Condition Number for the Information Matrix              0.159E-02
       (ratio of smallest to largest eigenvalue)


DIAGRAM INFORMATION

  Mplus diagrams are currently not available for Mixture analysis.
  No diagram output was produced.


     Beginning Time:  08:13:53
        Ending Time:  08:23:17
       Elapsed Time:  00:09:24



MUTHEN & MUTHEN
3463 Stoner Ave.
Los Angeles, CA  90066

Tel: (310) 391-9971
Fax: (310) 391-8971
Web: www.StatModel.com
Support: Support@StatModel.com

Copyright (c) 1998-2017 Muthen & Muthen
